   1              	 .cpu cortex-m0
   2              	 .fpu softvfp
   3              	 .eabi_attribute 20,1
   4              	 .eabi_attribute 21,1
   5              	 .eabi_attribute 23,3
   6              	 .eabi_attribute 24,1
   7              	 .eabi_attribute 25,1
   8              	 .eabi_attribute 26,1
   9              	 .eabi_attribute 30,4
  10              	 .eabi_attribute 34,0
  11              	 .eabi_attribute 18,4
  12              	 .code 16
  13              	 .file "digital_io.c"
  14              	 .section .text.DIGITAL_IO_GetAppVersion,"ax",%progbits
  15              	 .align 1
  16              	 .global DIGITAL_IO_GetAppVersion
  17              	 .code 16
  18              	 .thumb_func
  20              	DIGITAL_IO_GetAppVersion:
  21 0000 0148     	 ldr r0,.L2
  22 0002 82B0     	 sub sp,sp,#8
  23 0004 02B0     	 add sp,sp,#8
  24              	 
  25 0006 7047     	 bx lr
  26              	.L3:
  27              	 .align 2
  28              	.L2:
  29 0008 04001000 	 .word 1048580
  31              	 .section .text.DIGITAL_IO_Init,"ax",%progbits
  32              	 .align 1
  33              	 .global DIGITAL_IO_Init
  34              	 .code 16
  35              	 .thumb_func
  37              	DIGITAL_IO_Init:
  38 0000 10B5     	 push {r4,lr}
  39 0002 041C     	 mov r4,r0
  40 0004 017B     	 ldrb r1,[r0,#12]
  41 0006 021D     	 add r2,r0,#4
  42 0008 0068     	 ldr r0,[r0]
  43 000a FFF7FEFF 	 bl XMC_GPIO_Init
  44 000e 2068     	 ldr r0,[r4]
  45 0010 217B     	 ldrb r1,[r4,#12]
  46 0012 627B     	 ldrb r2,[r4,#13]
  47 0014 FFF7FEFF 	 bl XMC_GPIO_SetHardwareControl
  48              	 
  49 0018 0020     	 mov r0,#0
  50 001a 10BD     	 pop {r4,pc}
  52              	 .ident "GCC: (GNU Tools for ARM Embedded Processors) 4.9.3 20141119 (release) [ARM/embedded-4_9-branch revision 218278]"
DEFINED SYMBOLS
                            *ABS*:00000000 digital_io.c
    {standard input}:15     .text.DIGITAL_IO_GetAppVersion:00000000 $t
    {standard input}:20     .text.DIGITAL_IO_GetAppVersion:00000000 DIGITAL_IO_GetAppVersion
    {standard input}:29     .text.DIGITAL_IO_GetAppVersion:00000008 $d
    {standard input}:32     .text.DIGITAL_IO_Init:00000000 $t
    {standard input}:37     .text.DIGITAL_IO_Init:00000000 DIGITAL_IO_Init

UNDEFINED SYMBOLS
XMC_GPIO_Init
XMC_GPIO_SetHardwareControl
